mode: set
github.com/echovault/echovault/cmd/main.go:28.13,30.16 2 0
github.com/echovault/echovault/cmd/main.go:30.16,32.3 1 0
github.com/echovault/echovault/cmd/main.go:34.2,44.16 5 0
github.com/echovault/echovault/cmd/main.go:44.16,46.3 1 0
github.com/echovault/echovault/cmd/main.go:48.2,52.19 3 0
github.com/echovault/echovault/internal/clock/clock.go:14.23,16.43 1 0
github.com/echovault/echovault/internal/clock/clock.go:16.43,18.3 1 0
github.com/echovault/echovault/internal/clock/clock.go:19.2,19.20 1 0
github.com/echovault/echovault/internal/clock/clock.go:24.34,26.2 1 0
github.com/echovault/echovault/internal/clock/clock.go:28.58,30.2 1 0
github.com/echovault/echovault/internal/clock/clock.go:34.34,37.2 2 0
github.com/echovault/echovault/internal/clock/clock.go:39.58,41.2 1 0
github.com/echovault/echovault/internal/utils.go:41.38,45.16 2 0
github.com/echovault/echovault/internal/utils.go:45.16,47.3 1 0
github.com/echovault/echovault/internal/utils.go:49.2,49.15 1 0
github.com/echovault/echovault/internal/utils.go:49.15,52.3 2 0
github.com/echovault/echovault/internal/utils.go:54.2,56.10 2 0
github.com/echovault/echovault/internal/utils.go:59.43,63.16 3 0
github.com/echovault/echovault/internal/utils.go:63.16,65.3 1 0
github.com/echovault/echovault/internal/utils.go:67.2,68.42 2 0
github.com/echovault/echovault/internal/utils.go:68.42,70.3 1 0
github.com/echovault/echovault/internal/utils.go:72.2,72.17 1 0
github.com/echovault/echovault/internal/utils.go:75.47,82.6 4 0
github.com/echovault/echovault/internal/utils.go:82.6,84.43 2 0
github.com/echovault/echovault/internal/utils.go:84.43,85.9 1 0
github.com/echovault/echovault/internal/utils.go:87.3,87.17 1 0
github.com/echovault/echovault/internal/utils.go:87.17,89.4 1 0
github.com/echovault/echovault/internal/utils.go:90.3,91.21 2 0
github.com/echovault/echovault/internal/utils.go:91.21,92.9 1 0
github.com/echovault/echovault/internal/utils.go:94.3,94.15 1 0
github.com/echovault/echovault/internal/utils.go:97.2,97.37 1 0
github.com/echovault/echovault/internal/utils.go:100.120,102.20 2 0
github.com/echovault/echovault/internal/utils.go:102.20,104.3 1 0
github.com/echovault/echovault/internal/utils.go:105.2,105.16 1 0
github.com/echovault/echovault/internal/utils.go:105.16,107.3 1 0
github.com/echovault/echovault/internal/utils.go:108.2,108.24 1 0
github.com/echovault/echovault/internal/utils.go:108.24,110.3 1 0
github.com/echovault/echovault/internal/utils.go:111.2,111.21 1 0
github.com/echovault/echovault/internal/utils.go:111.21,113.3 1 0
github.com/echovault/echovault/internal/utils.go:114.2,114.16 1 0
github.com/echovault/echovault/internal/utils.go:117.37,119.16 2 0
github.com/echovault/echovault/internal/utils.go:119.16,121.3 1 0
github.com/echovault/echovault/internal/utils.go:122.2,122.15 1 0
github.com/echovault/echovault/internal/utils.go:122.15,123.37 1 0
github.com/echovault/echovault/internal/utils.go:123.37,125.4 1 0
github.com/echovault/echovault/internal/utils.go:128.2,130.23 2 0
github.com/echovault/echovault/internal/utils.go:133.72,134.65 1 0
github.com/echovault/echovault/internal/utils.go:134.65,137.3 1 0
github.com/echovault/echovault/internal/utils.go:138.2,138.18 1 0
github.com/echovault/echovault/internal/utils.go:138.18,141.3 1 0
github.com/echovault/echovault/internal/utils.go:142.2,142.49 1 0
github.com/echovault/echovault/internal/utils.go:142.49,143.52 1 0
github.com/echovault/echovault/internal/utils.go:143.52,145.4 1 0
github.com/echovault/echovault/internal/utils.go:147.2,147.71 1 0
github.com/echovault/echovault/internal/utils.go:150.66,152.2 1 0
github.com/echovault/echovault/internal/utils.go:154.24,155.11 1 0
github.com/echovault/echovault/internal/utils.go:155.11,157.3 1 0
github.com/echovault/echovault/internal/utils.go:158.2,158.10 1 0
github.com/echovault/echovault/internal/utils.go:162.49,166.16 3 0
github.com/echovault/echovault/internal/utils.go:166.16,168.3 1 0
github.com/echovault/echovault/internal/utils.go:170.2,171.17 2 0
github.com/echovault/echovault/internal/utils.go:172.12,173.19 1 0
github.com/echovault/echovault/internal/utils.go:174.12,175.26 1 0
github.com/echovault/echovault/internal/utils.go:176.12,177.33 1 0
github.com/echovault/echovault/internal/utils.go:178.12,179.40 1 0
github.com/echovault/echovault/internal/utils.go:180.12,181.47 1 0
github.com/echovault/echovault/internal/utils.go:182.10,183.91 1 0
github.com/echovault/echovault/internal/utils.go:186.2,186.30 1 0
github.com/echovault/echovault/internal/utils.go:190.49,191.20 1 0
github.com/echovault/echovault/internal/utils.go:191.20,193.3 1 0
github.com/echovault/echovault/internal/utils.go:195.2,199.36 3 0
github.com/echovault/echovault/internal/utils.go:199.36,201.3 1 0
github.com/echovault/echovault/internal/utils.go:206.2,210.40 3 0
github.com/echovault/echovault/internal/utils.go:214.84,216.26 2 0
github.com/echovault/echovault/internal/utils.go:216.26,218.34 1 0
github.com/echovault/echovault/internal/utils.go:218.34,219.12 1 0
github.com/echovault/echovault/internal/utils.go:222.3,222.29 1 0
github.com/echovault/echovault/internal/utils.go:222.29,224.4 1 0
github.com/echovault/echovault/internal/utils.go:226.2,226.35 1 0
github.com/echovault/echovault/internal/utils.go:226.35,228.3 1 0
github.com/echovault/echovault/internal/utils.go:229.2,229.14 1 0
github.com/echovault/echovault/internal/utils.go:234.43,235.14 1 0
github.com/echovault/echovault/internal/utils.go:235.14,237.3 1 0
github.com/echovault/echovault/internal/utils.go:238.2,238.30 1 0
github.com/echovault/echovault/internal/utils.go:238.30,240.3 1 0
github.com/echovault/echovault/internal/utils.go:241.2,241.30 1 0
github.com/echovault/echovault/internal/utils.go:241.30,243.3 1 0
github.com/echovault/echovault/internal/utils.go:245.2,246.21 2 0
github.com/echovault/echovault/internal/utils.go:246.21,248.3 1 0
github.com/echovault/echovault/internal/utils.go:250.2,251.29 2 0
github.com/echovault/echovault/internal/utils.go:251.29,253.13 2 0
github.com/echovault/echovault/internal/utils.go:253.13,254.9 1 0
github.com/echovault/echovault/internal/utils.go:258.2,258.10 1 0
github.com/echovault/echovault/internal/utils.go:261.41,263.28 2 0
github.com/echovault/echovault/internal/utils.go:263.28,265.3 1 0
github.com/echovault/echovault/internal/utils.go:266.2,266.20 1 0
github.com/echovault/echovault/internal/utils.go:269.47,272.16 3 0
github.com/echovault/echovault/internal/utils.go:272.16,274.3 1 0
github.com/echovault/echovault/internal/utils.go:275.2,275.24 1 0
github.com/echovault/echovault/internal/utils.go:278.52,281.16 3 0
github.com/echovault/echovault/internal/utils.go:281.16,283.3 1 0
github.com/echovault/echovault/internal/utils.go:284.2,284.24 1 0
github.com/echovault/echovault/internal/utils.go:287.50,290.16 3 0
github.com/echovault/echovault/internal/utils.go:290.16,292.3 1 0
github.com/echovault/echovault/internal/utils.go:293.2,293.25 1 0
github.com/echovault/echovault/internal/utils.go:296.52,299.16 3 0
github.com/echovault/echovault/internal/utils.go:299.16,301.3 1 0
github.com/echovault/echovault/internal/utils.go:302.2,302.23 1 0
github.com/echovault/echovault/internal/utils.go:305.51,308.16 3 0
github.com/echovault/echovault/internal/utils.go:308.16,310.3 1 0
github.com/echovault/echovault/internal/utils.go:311.2,311.22 1 0
github.com/echovault/echovault/internal/utils.go:314.59,317.16 3 0
github.com/echovault/echovault/internal/utils.go:317.16,319.3 1 0
github.com/echovault/echovault/internal/utils.go:320.2,320.16 1 0
github.com/echovault/echovault/internal/utils.go:320.16,322.3 1 0
github.com/echovault/echovault/internal/utils.go:323.2,324.30 2 0
github.com/echovault/echovault/internal/utils.go:324.30,325.17 1 0
github.com/echovault/echovault/internal/utils.go:325.17,327.12 2 0
github.com/echovault/echovault/internal/utils.go:329.3,329.22 1 0
github.com/echovault/echovault/internal/utils.go:331.2,331.17 1 0
github.com/echovault/echovault/internal/utils.go:334.67,337.16 3 0
github.com/echovault/echovault/internal/utils.go:337.16,339.3 1 0
github.com/echovault/echovault/internal/utils.go:340.2,340.16 1 0
github.com/echovault/echovault/internal/utils.go:340.16,342.3 1 0
github.com/echovault/echovault/internal/utils.go:343.2,344.31 2 0
github.com/echovault/echovault/internal/utils.go:344.31,345.18 1 0
github.com/echovault/echovault/internal/utils.go:345.18,347.12 2 0
github.com/echovault/echovault/internal/utils.go:349.3,350.33 2 0
github.com/echovault/echovault/internal/utils.go:350.33,352.4 1 0
github.com/echovault/echovault/internal/utils.go:353.3,353.17 1 0
github.com/echovault/echovault/internal/utils.go:355.2,355.17 1 0
github.com/echovault/echovault/internal/utils.go:358.57,361.16 3 0
github.com/echovault/echovault/internal/utils.go:361.16,363.3 1 0
github.com/echovault/echovault/internal/utils.go:364.2,364.16 1 0
github.com/echovault/echovault/internal/utils.go:364.16,366.3 1 0
github.com/echovault/echovault/internal/utils.go:367.2,368.30 2 0
github.com/echovault/echovault/internal/utils.go:368.30,369.17 1 0
github.com/echovault/echovault/internal/utils.go:369.17,371.12 2 0
github.com/echovault/echovault/internal/utils.go:373.3,373.23 1 0
github.com/echovault/echovault/internal/utils.go:375.2,375.17 1 0
github.com/echovault/echovault/internal/utils.go:378.58,381.16 3 0
github.com/echovault/echovault/internal/utils.go:381.16,383.3 1 0
github.com/echovault/echovault/internal/utils.go:384.2,384.16 1 0
github.com/echovault/echovault/internal/utils.go:384.16,386.3 1 0
github.com/echovault/echovault/internal/utils.go:387.2,388.30 2 0
github.com/echovault/echovault/internal/utils.go:388.30,389.17 1 0
github.com/echovault/echovault/internal/utils.go:389.17,391.12 2 0
github.com/echovault/echovault/internal/utils.go:393.3,393.20 1 0
github.com/echovault/echovault/internal/utils.go:395.2,395.17 1 0
github.com/echovault/echovault/internal/utils.go:398.70,399.32 1 0
github.com/echovault/echovault/internal/utils.go:399.32,400.60 1 0
github.com/echovault/echovault/internal/utils.go:400.60,402.4 1 0
github.com/echovault/echovault/internal/utils.go:402.6,404.4 1 0
github.com/echovault/echovault/internal/utils.go:406.2,406.30 1 0
github.com/echovault/echovault/internal/utils.go:406.30,407.62 1 0
github.com/echovault/echovault/internal/utils.go:407.62,409.4 1 0
github.com/echovault/echovault/internal/utils.go:409.6,411.4 1 0
github.com/echovault/echovault/internal/utils.go:413.2,413.13 1 0
github.com/echovault/echovault/internal/utils.go:416.33,418.16 2 0
github.com/echovault/echovault/internal/utils.go:418.16,420.3 1 0
github.com/echovault/echovault/internal/utils.go:422.2,423.16 2 0
github.com/echovault/echovault/internal/utils.go:423.16,425.3 1 0
github.com/echovault/echovault/internal/utils.go:426.2,426.15 1 0
github.com/echovault/echovault/internal/utils.go:426.15,428.3 1 0
github.com/echovault/echovault/internal/utils.go:430.2,430.42 1 0
github.com/echovault/echovault/internal/utils.go:433.61,438.12 4 0
github.com/echovault/echovault/internal/utils.go:438.12,439.7 1 0
github.com/echovault/echovault/internal/utils.go:439.7,441.73 2 0
github.com/echovault/echovault/internal/utils.go:441.73,443.13 1 0
github.com/echovault/echovault/internal/utils.go:445.4,445.9 1 0
github.com/echovault/echovault/internal/utils.go:447.3,447.21 1 0
github.com/echovault/echovault/internal/utils.go:450.2,451.15 2 0
github.com/echovault/echovault/internal/utils.go:451.15,453.3 1 0
github.com/echovault/echovault/internal/utils.go:455.2,455.9 1 0
github.com/echovault/echovault/internal/utils.go:456.18,457.47 1 0
github.com/echovault/echovault/internal/utils.go:458.14,459.19 1 0
github.com/echovault/echovault/internal/utils.go:463.84,468.12 4 0
github.com/echovault/echovault/internal/utils.go:468.12,469.7 1 0
github.com/echovault/echovault/internal/utils.go:469.7,471.73 2 0
github.com/echovault/echovault/internal/utils.go:471.73,473.13 1 0
github.com/echovault/echovault/internal/utils.go:475.4,475.9 1 0
github.com/echovault/echovault/internal/utils.go:477.3,477.21 1 0
github.com/echovault/echovault/internal/utils.go:480.2,481.15 2 0
github.com/echovault/echovault/internal/utils.go:481.15,483.3 1 0
github.com/echovault/echovault/internal/utils.go:485.2,485.9 1 0
github.com/echovault/echovault/internal/utils.go:486.18,487.47 1 0
github.com/echovault/echovault/internal/utils.go:488.14,489.19 1 0
github.com/echovault/echovault/internal/memberlist/broadcast.go:32.88,35.9 2 0
github.com/echovault/echovault/internal/memberlist/broadcast.go:35.9,37.3 1 0
github.com/echovault/echovault/internal/memberlist/broadcast.go:39.2,39.33 1 0
github.com/echovault/echovault/internal/memberlist/broadcast.go:40.18,42.56 1 0
github.com/echovault/echovault/internal/memberlist/broadcast.go:43.20,45.62 1 0
github.com/echovault/echovault/internal/memberlist/broadcast.go:46.10,47.15 1 0
github.com/echovault/echovault/internal/memberlist/broadcast.go:52.60,55.16 2 0
github.com/echovault/echovault/internal/memberlist/broadcast.go:55.16,58.3 2 0
github.com/echovault/echovault/internal/memberlist/broadcast.go:60.2,60.12 1 0
github.com/echovault/echovault/internal/memberlist/broadcast.go:64.55,66.2 0 0
github.com/echovault/echovault/internal/memberlist/delegate.go:42.47,46.2 1 0
github.com/echovault/echovault/internal/memberlist/delegate.go:49.54,59.16 3 0
github.com/echovault/echovault/internal/memberlist/delegate.go:59.16,61.3 1 0
github.com/echovault/echovault/internal/memberlist/delegate.go:63.2,63.10 1 0
github.com/echovault/echovault/internal/memberlist/delegate.go:67.54,69.55 2 0
github.com/echovault/echovault/internal/memberlist/delegate.go:69.55,72.3 2 0
github.com/echovault/echovault/internal/memberlist/delegate.go:74.2,74.20 1 0
github.com/echovault/echovault/internal/memberlist/delegate.go:75.18,77.39 1 0
github.com/echovault/echovault/internal/memberlist/delegate.go:77.39,80.4 2 0
github.com/echovault/echovault/internal/memberlist/delegate.go:81.3,82.17 2 0
github.com/echovault/echovault/internal/memberlist/delegate.go:82.17,84.4 1 0
github.com/echovault/echovault/internal/memberlist/delegate.go:86.19,88.39 1 0
github.com/echovault/echovault/internal/memberlist/delegate.go:88.39,91.4 2 0
github.com/echovault/echovault/internal/memberlist/delegate.go:93.3,99.67 3 0
github.com/echovault/echovault/internal/memberlist/delegate.go:99.67,101.4 1 0
github.com/echovault/echovault/internal/memberlist/delegate.go:103.20,105.39 1 0
github.com/echovault/echovault/internal/memberlist/delegate.go:105.39,108.4 2 0
github.com/echovault/echovault/internal/memberlist/delegate.go:110.3,115.17 3 0
github.com/echovault/echovault/internal/memberlist/delegate.go:115.17,118.4 2 0
github.com/echovault/echovault/internal/memberlist/delegate.go:120.3,120.67 1 0
github.com/echovault/echovault/internal/memberlist/delegate.go:120.67,122.4 1 0
github.com/echovault/echovault/internal/memberlist/delegate.go:127.71,129.2 1 0
github.com/echovault/echovault/internal/memberlist/delegate.go:132.56,135.2 1 0
github.com/echovault/echovault/internal/memberlist/delegate.go:138.68,140.2 0 0
github.com/echovault/echovault/internal/memberlist/event_delegate.go:33.62,37.2 1 0
github.com/echovault/echovault/internal/memberlist/event_delegate.go:40.71,42.2 1 0
github.com/echovault/echovault/internal/memberlist/event_delegate.go:45.72,52.16 4 0
github.com/echovault/echovault/internal/memberlist/event_delegate.go:52.16,55.3 2 0
github.com/echovault/echovault/internal/memberlist/event_delegate.go:57.2,59.16 2 0
github.com/echovault/echovault/internal/memberlist/event_delegate.go:59.16,61.3 1 0
github.com/echovault/echovault/internal/memberlist/event_delegate.go:65.74,67.2 0 0
github.com/echovault/echovault/internal/memberlist/memberlist.go:54.43,60.2 1 0
github.com/echovault/echovault/internal/memberlist/memberlist.go:62.58,77.28 7 0
github.com/echovault/echovault/internal/memberlist/memberlist.go:77.28,77.49 1 0
github.com/echovault/echovault/internal/memberlist/memberlist.go:78.28,78.49 1 0
github.com/echovault/echovault/internal/memberlist/memberlist.go:82.2,83.41 2 0
github.com/echovault/echovault/internal/memberlist/memberlist.go:83.41,85.3 1 0
github.com/echovault/echovault/internal/memberlist/memberlist.go:87.2,90.16 3 0
github.com/echovault/echovault/internal/memberlist/memberlist.go:90.16,92.3 1 0
github.com/echovault/echovault/internal/memberlist/memberlist.go:94.2,94.37 1 0
github.com/echovault/echovault/internal/memberlist/memberlist.go:94.37,97.70 2 0
github.com/echovault/echovault/internal/memberlist/memberlist.go:97.70,99.18 2 0
github.com/echovault/echovault/internal/memberlist/memberlist.go:99.18,101.5 1 0
github.com/echovault/echovault/internal/memberlist/memberlist.go:102.4,102.14 1 0
github.com/echovault/echovault/internal/memberlist/memberlist.go:105.3,105.17 1 0
github.com/echovault/echovault/internal/memberlist/memberlist.go:105.17,107.4 1 0
github.com/echovault/echovault/internal/memberlist/memberlist.go:109.3,109.27 1 0
github.com/echovault/echovault/internal/memberlist/memberlist.go:113.45,123.2 2 0
github.com/echovault/echovault/internal/memberlist/memberlist.go:127.72,140.2 2 0
github.com/echovault/echovault/internal/memberlist/memberlist.go:144.75,157.2 2 0
github.com/echovault/echovault/internal/memberlist/memberlist.go:159.43,162.16 2 0
github.com/echovault/echovault/internal/memberlist/memberlist.go:162.16,165.3 2 0
github.com/echovault/echovault/internal/memberlist/memberlist.go:167.2,168.16 2 0
github.com/echovault/echovault/internal/memberlist/memberlist.go:168.16,171.3 2 0
github.com/echovault/echovault/internal/memberlist/memberlist.go:173.2,173.49 1 0
github.com/echovault/echovault/internal/utils.go:41.38,45.16 2 0
github.com/echovault/echovault/internal/utils.go:45.16,47.3 1 0
github.com/echovault/echovault/internal/utils.go:49.2,49.15 1 0
github.com/echovault/echovault/internal/utils.go:49.15,52.3 2 0
github.com/echovault/echovault/internal/utils.go:54.2,56.10 2 0
github.com/echovault/echovault/internal/utils.go:59.43,63.16 3 0
github.com/echovault/echovault/internal/utils.go:63.16,65.3 1 0
github.com/echovault/echovault/internal/utils.go:67.2,68.42 2 0
github.com/echovault/echovault/internal/utils.go:68.42,70.3 1 0
github.com/echovault/echovault/internal/utils.go:72.2,72.17 1 0
github.com/echovault/echovault/internal/utils.go:75.47,82.6 4 0
github.com/echovault/echovault/internal/utils.go:82.6,84.43 2 0
github.com/echovault/echovault/internal/utils.go:84.43,85.9 1 0
github.com/echovault/echovault/internal/utils.go:87.3,87.17 1 0
github.com/echovault/echovault/internal/utils.go:87.17,89.4 1 0
github.com/echovault/echovault/internal/utils.go:90.3,91.21 2 0
github.com/echovault/echovault/internal/utils.go:91.21,92.9 1 0
github.com/echovault/echovault/internal/utils.go:94.3,94.15 1 0
github.com/echovault/echovault/internal/utils.go:97.2,97.37 1 0
github.com/echovault/echovault/internal/utils.go:100.120,102.20 2 0
github.com/echovault/echovault/internal/utils.go:102.20,104.3 1 0
github.com/echovault/echovault/internal/utils.go:105.2,105.16 1 0
github.com/echovault/echovault/internal/utils.go:105.16,107.3 1 0
github.com/echovault/echovault/internal/utils.go:108.2,108.24 1 0
github.com/echovault/echovault/internal/utils.go:108.24,110.3 1 0
github.com/echovault/echovault/internal/utils.go:111.2,111.21 1 0
github.com/echovault/echovault/internal/utils.go:111.21,113.3 1 0
github.com/echovault/echovault/internal/utils.go:114.2,114.16 1 0
github.com/echovault/echovault/internal/utils.go:117.37,119.16 2 0
github.com/echovault/echovault/internal/utils.go:119.16,121.3 1 0
github.com/echovault/echovault/internal/utils.go:122.2,122.15 1 0
github.com/echovault/echovault/internal/utils.go:122.15,123.37 1 0
github.com/echovault/echovault/internal/utils.go:123.37,125.4 1 0
github.com/echovault/echovault/internal/utils.go:128.2,130.23 2 0
github.com/echovault/echovault/internal/utils.go:133.72,134.65 1 0
github.com/echovault/echovault/internal/utils.go:134.65,137.3 1 0
github.com/echovault/echovault/internal/utils.go:138.2,138.18 1 0
github.com/echovault/echovault/internal/utils.go:138.18,141.3 1 0
github.com/echovault/echovault/internal/utils.go:142.2,142.49 1 0
github.com/echovault/echovault/internal/utils.go:142.49,143.52 1 0
github.com/echovault/echovault/internal/utils.go:143.52,145.4 1 0
github.com/echovault/echovault/internal/utils.go:147.2,147.71 1 0
github.com/echovault/echovault/internal/utils.go:150.66,152.2 1 0
github.com/echovault/echovault/internal/utils.go:154.24,155.11 1 0
github.com/echovault/echovault/internal/utils.go:155.11,157.3 1 0
github.com/echovault/echovault/internal/utils.go:158.2,158.10 1 0
github.com/echovault/echovault/internal/utils.go:162.49,166.16 3 0
github.com/echovault/echovault/internal/utils.go:166.16,168.3 1 0
github.com/echovault/echovault/internal/utils.go:170.2,171.17 2 0
github.com/echovault/echovault/internal/utils.go:172.12,173.19 1 0
github.com/echovault/echovault/internal/utils.go:174.12,175.26 1 0
github.com/echovault/echovault/internal/utils.go:176.12,177.33 1 0
github.com/echovault/echovault/internal/utils.go:178.12,179.40 1 0
github.com/echovault/echovault/internal/utils.go:180.12,181.47 1 0
github.com/echovault/echovault/internal/utils.go:182.10,183.91 1 0
github.com/echovault/echovault/internal/utils.go:186.2,186.30 1 0
github.com/echovault/echovault/internal/utils.go:190.49,191.20 1 0
github.com/echovault/echovault/internal/utils.go:191.20,193.3 1 0
github.com/echovault/echovault/internal/utils.go:195.2,199.36 3 0
github.com/echovault/echovault/internal/utils.go:199.36,201.3 1 0
github.com/echovault/echovault/internal/utils.go:206.2,210.40 3 0
github.com/echovault/echovault/internal/utils.go:214.84,216.26 2 0
github.com/echovault/echovault/internal/utils.go:216.26,218.34 1 0
github.com/echovault/echovault/internal/utils.go:218.34,219.12 1 0
github.com/echovault/echovault/internal/utils.go:222.3,222.29 1 0
github.com/echovault/echovault/internal/utils.go:222.29,224.4 1 0
github.com/echovault/echovault/internal/utils.go:226.2,226.35 1 0
github.com/echovault/echovault/internal/utils.go:226.35,228.3 1 0
github.com/echovault/echovault/internal/utils.go:229.2,229.14 1 0
github.com/echovault/echovault/internal/utils.go:234.43,235.14 1 0
github.com/echovault/echovault/internal/utils.go:235.14,237.3 1 0
github.com/echovault/echovault/internal/utils.go:238.2,238.30 1 0
github.com/echovault/echovault/internal/utils.go:238.30,240.3 1 0
github.com/echovault/echovault/internal/utils.go:241.2,241.30 1 0
github.com/echovault/echovault/internal/utils.go:241.30,243.3 1 0
github.com/echovault/echovault/internal/utils.go:245.2,246.21 2 0
github.com/echovault/echovault/internal/utils.go:246.21,248.3 1 0
github.com/echovault/echovault/internal/utils.go:250.2,251.29 2 0
github.com/echovault/echovault/internal/utils.go:251.29,253.13 2 0
github.com/echovault/echovault/internal/utils.go:253.13,254.9 1 0
github.com/echovault/echovault/internal/utils.go:258.2,258.10 1 0
github.com/echovault/echovault/internal/utils.go:261.41,263.28 2 0
github.com/echovault/echovault/internal/utils.go:263.28,265.3 1 0
github.com/echovault/echovault/internal/utils.go:266.2,266.20 1 0
github.com/echovault/echovault/internal/utils.go:269.47,272.16 3 0
github.com/echovault/echovault/internal/utils.go:272.16,274.3 1 0
github.com/echovault/echovault/internal/utils.go:275.2,275.24 1 0
github.com/echovault/echovault/internal/utils.go:278.52,281.16 3 0
github.com/echovault/echovault/internal/utils.go:281.16,283.3 1 0
github.com/echovault/echovault/internal/utils.go:284.2,284.24 1 0
github.com/echovault/echovault/internal/utils.go:287.50,290.16 3 0
github.com/echovault/echovault/internal/utils.go:290.16,292.3 1 0
github.com/echovault/echovault/internal/utils.go:293.2,293.25 1 0
github.com/echovault/echovault/internal/utils.go:296.52,299.16 3 0
github.com/echovault/echovault/internal/utils.go:299.16,301.3 1 0
github.com/echovault/echovault/internal/utils.go:302.2,302.23 1 0
github.com/echovault/echovault/internal/utils.go:305.51,308.16 3 0
github.com/echovault/echovault/internal/utils.go:308.16,310.3 1 0
github.com/echovault/echovault/internal/utils.go:311.2,311.22 1 0
github.com/echovault/echovault/internal/utils.go:314.59,317.16 3 0
github.com/echovault/echovault/internal/utils.go:317.16,319.3 1 0
github.com/echovault/echovault/internal/utils.go:320.2,320.16 1 0
github.com/echovault/echovault/internal/utils.go:320.16,322.3 1 0
github.com/echovault/echovault/internal/utils.go:323.2,324.30 2 0
github.com/echovault/echovault/internal/utils.go:324.30,325.17 1 0
github.com/echovault/echovault/internal/utils.go:325.17,327.12 2 0
github.com/echovault/echovault/internal/utils.go:329.3,329.22 1 0
github.com/echovault/echovault/internal/utils.go:331.2,331.17 1 0
github.com/echovault/echovault/internal/utils.go:334.67,337.16 3 0
github.com/echovault/echovault/internal/utils.go:337.16,339.3 1 0
github.com/echovault/echovault/internal/utils.go:340.2,340.16 1 0
github.com/echovault/echovault/internal/utils.go:340.16,342.3 1 0
github.com/echovault/echovault/internal/utils.go:343.2,344.31 2 0
github.com/echovault/echovault/internal/utils.go:344.31,345.18 1 0
github.com/echovault/echovault/internal/utils.go:345.18,347.12 2 0
github.com/echovault/echovault/internal/utils.go:349.3,350.33 2 0
github.com/echovault/echovault/internal/utils.go:350.33,352.4 1 0
github.com/echovault/echovault/internal/utils.go:353.3,353.17 1 0
github.com/echovault/echovault/internal/utils.go:355.2,355.17 1 0
github.com/echovault/echovault/internal/utils.go:358.57,361.16 3 0
github.com/echovault/echovault/internal/utils.go:361.16,363.3 1 0
github.com/echovault/echovault/internal/utils.go:364.2,364.16 1 0
github.com/echovault/echovault/internal/utils.go:364.16,366.3 1 0
github.com/echovault/echovault/internal/utils.go:367.2,368.30 2 0
github.com/echovault/echovault/internal/utils.go:368.30,369.17 1 0
github.com/echovault/echovault/internal/utils.go:369.17,371.12 2 0
github.com/echovault/echovault/internal/utils.go:373.3,373.23 1 0
github.com/echovault/echovault/internal/utils.go:375.2,375.17 1 0
github.com/echovault/echovault/internal/utils.go:378.58,381.16 3 0
github.com/echovault/echovault/internal/utils.go:381.16,383.3 1 0
github.com/echovault/echovault/internal/utils.go:384.2,384.16 1 0
github.com/echovault/echovault/internal/utils.go:384.16,386.3 1 0
github.com/echovault/echovault/internal/utils.go:387.2,388.30 2 0
github.com/echovault/echovault/internal/utils.go:388.30,389.17 1 0
github.com/echovault/echovault/internal/utils.go:389.17,391.12 2 0
github.com/echovault/echovault/internal/utils.go:393.3,393.20 1 0
github.com/echovault/echovault/internal/utils.go:395.2,395.17 1 0
github.com/echovault/echovault/internal/utils.go:398.70,399.32 1 0
github.com/echovault/echovault/internal/utils.go:399.32,400.60 1 0
github.com/echovault/echovault/internal/utils.go:400.60,402.4 1 0
github.com/echovault/echovault/internal/utils.go:402.6,404.4 1 0
github.com/echovault/echovault/internal/utils.go:406.2,406.30 1 0
github.com/echovault/echovault/internal/utils.go:406.30,407.62 1 0
github.com/echovault/echovault/internal/utils.go:407.62,409.4 1 0
github.com/echovault/echovault/internal/utils.go:409.6,411.4 1 0
github.com/echovault/echovault/internal/utils.go:413.2,413.13 1 0
github.com/echovault/echovault/internal/utils.go:416.33,418.16 2 0
github.com/echovault/echovault/internal/utils.go:418.16,420.3 1 0
github.com/echovault/echovault/internal/utils.go:422.2,423.16 2 0
github.com/echovault/echovault/internal/utils.go:423.16,425.3 1 0
github.com/echovault/echovault/internal/utils.go:426.2,426.15 1 0
github.com/echovault/echovault/internal/utils.go:426.15,428.3 1 0
github.com/echovault/echovault/internal/utils.go:430.2,430.42 1 0
github.com/echovault/echovault/internal/utils.go:433.61,438.12 4 0
github.com/echovault/echovault/internal/utils.go:438.12,439.7 1 0
github.com/echovault/echovault/internal/utils.go:439.7,441.73 2 0
github.com/echovault/echovault/internal/utils.go:441.73,443.13 1 0
github.com/echovault/echovault/internal/utils.go:445.4,445.9 1 0
github.com/echovault/echovault/internal/utils.go:447.3,447.21 1 0
github.com/echovault/echovault/internal/utils.go:450.2,451.15 2 0
github.com/echovault/echovault/internal/utils.go:451.15,453.3 1 0
github.com/echovault/echovault/internal/utils.go:455.2,455.9 1 0
github.com/echovault/echovault/internal/utils.go:456.18,457.47 1 0
github.com/echovault/echovault/internal/utils.go:458.14,459.19 1 0
github.com/echovault/echovault/internal/utils.go:463.84,468.12 4 0
github.com/echovault/echovault/internal/utils.go:468.12,469.7 1 0
github.com/echovault/echovault/internal/utils.go:469.7,471.73 2 0
github.com/echovault/echovault/internal/utils.go:471.73,473.13 1 0
github.com/echovault/echovault/internal/utils.go:475.4,475.9 1 0
github.com/echovault/echovault/internal/utils.go:477.3,477.21 1 0
github.com/echovault/echovault/internal/utils.go:480.2,481.15 2 0
github.com/echovault/echovault/internal/utils.go:481.15,483.3 1 0
github.com/echovault/echovault/internal/utils.go:485.2,485.9 1 0
github.com/echovault/echovault/internal/utils.go:486.18,487.47 1 0
github.com/echovault/echovault/internal/utils.go:488.14,489.19 1 0
github.com/echovault/echovault/internal/clock/clock.go:14.23,16.43 1 0
github.com/echovault/echovault/internal/clock/clock.go:16.43,18.3 1 0
github.com/echovault/echovault/internal/clock/clock.go:19.2,19.20 1 0
github.com/echovault/echovault/internal/clock/clock.go:24.34,26.2 1 0
github.com/echovault/echovault/internal/clock/clock.go:28.58,30.2 1 0
github.com/echovault/echovault/internal/clock/clock.go:34.34,37.2 2 0
github.com/echovault/echovault/internal/clock/clock.go:39.58,41.2 1 0
github.com/echovault/echovault/internal/config/config.go:64.34,70.24 3 0
github.com/echovault/echovault/internal/config/config.go:70.24,72.35 2 0
github.com/echovault/echovault/internal/config/config.go:72.35,74.5 1 0
github.com/echovault/echovault/internal/config/config.go:75.4,75.22 1 0
github.com/echovault/echovault/internal/config/config.go:75.22,77.5 1 0
github.com/echovault/echovault/internal/config/config.go:78.4,79.14 2 0
github.com/echovault/echovault/internal/config/config.go:82.2,82.115 1 0
github.com/echovault/echovault/internal/config/config.go:82.115,85.3 2 0
github.com/echovault/echovault/internal/config/config.go:87.2,90.29 2 0
github.com/echovault/echovault/internal/config/config.go:90.29,91.86 1 0
github.com/echovault/echovault/internal/config/config.go:91.86,93.5 1 0
github.com/echovault/echovault/internal/config/config.go:93.7,95.5 1 0
github.com/echovault/echovault/internal/config/config.go:96.4,97.14 2 0
github.com/echovault/echovault/internal/config/config.go:100.2,103.59 2 0
github.com/echovault/echovault/internal/config/config.go:103.59,105.17 2 0
github.com/echovault/echovault/internal/config/config.go:105.17,107.4 1 0
github.com/echovault/echovault/internal/config/config.go:108.3,109.13 2 0
github.com/echovault/echovault/internal/config/config.go:112.2,121.88 2 0
github.com/echovault/echovault/internal/config/config.go:121.88,128.23 3 0
github.com/echovault/echovault/internal/config/config.go:128.23,130.5 1 0
github.com/echovault/echovault/internal/config/config.go:131.4,132.14 2 0
github.com/echovault/echovault/internal/config/config.go:135.2,139.24 2 0
github.com/echovault/echovault/internal/config/config.go:139.24,140.36 1 0
github.com/echovault/echovault/internal/config/config.go:140.36,142.5 1 0
github.com/echovault/echovault/internal/config/config.go:143.4,144.14 2 0
github.com/echovault/echovault/internal/config/config.go:147.2,188.14 23 0
github.com/echovault/echovault/internal/config/config.go:188.14,190.3 1 0
github.com/echovault/echovault/internal/config/config.go:191.2,192.14 2 0
github.com/echovault/echovault/internal/config/config.go:192.14,194.3 1 0
github.com/echovault/echovault/internal/config/config.go:196.2,226.22 2 0
github.com/echovault/echovault/internal/config/config.go:226.22,228.45 1 0
github.com/echovault/echovault/internal/config/config.go:228.45,229.14 1 0
github.com/echovault/echovault/internal/config/config.go:230.9,231.17 1 0
github.com/echovault/echovault/internal/config/config.go:231.17,232.36 1 0
github.com/echovault/echovault/internal/config/config.go:232.36,234.6 1 0
github.com/echovault/echovault/internal/config/config.go:237.4,239.22 2 0
github.com/echovault/echovault/internal/config/config.go:239.22,240.59 1 0
github.com/echovault/echovault/internal/config/config.go:240.59,242.6 1 0
github.com/echovault/echovault/internal/config/config.go:245.4,245.39 1 0
github.com/echovault/echovault/internal/config/config.go:245.39,246.59 1 0
github.com/echovault/echovault/internal/config/config.go:246.59,248.6 1 0
github.com/echovault/echovault/internal/config/config.go:254.2,256.45 2 0
github.com/echovault/echovault/internal/config/config.go:256.45,258.3 1 0
github.com/echovault/echovault/internal/config/config.go:260.2,260.18 1 0
github.com/echovault/echovault/internal/config/default.go:9.29,42.2 3 0
github.com/echovault/echovault/internal/aof/log/store.go:46.60,47.34 1 1
github.com/echovault/echovault/internal/aof/log/store.go:47.34,49.3 1 1
github.com/echovault/echovault/internal/aof/log/store.go:52.61,53.34 1 1
github.com/echovault/echovault/internal/aof/log/store.go:53.34,55.3 1 1
github.com/echovault/echovault/internal/aof/log/store.go:58.67,59.34 1 1
github.com/echovault/echovault/internal/aof/log/store.go:59.34,61.3 1 1
github.com/echovault/echovault/internal/aof/log/store.go:64.63,65.34 1 1
github.com/echovault/echovault/internal/aof/log/store.go:65.34,67.3 1 1
github.com/echovault/echovault/internal/aof/log/store.go:70.77,71.34 1 1
github.com/echovault/echovault/internal/aof/log/store.go:71.34,73.3 1 1
github.com/echovault/echovault/internal/aof/log/store.go:76.80,83.39 1 1
github.com/echovault/echovault/internal/aof/log/store.go:83.40,83.41 0 0
github.com/echovault/echovault/internal/aof/log/store.go:86.2,86.33 1 1
github.com/echovault/echovault/internal/aof/log/store.go:86.33,88.3 1 1
github.com/echovault/echovault/internal/aof/log/store.go:91.2,91.46 1 1
github.com/echovault/echovault/internal/aof/log/store.go:91.46,94.17 2 1
github.com/echovault/echovault/internal/aof/log/store.go:94.17,96.4 1 0
github.com/echovault/echovault/internal/aof/log/store.go:97.3,98.17 2 1
github.com/echovault/echovault/internal/aof/log/store.go:98.17,100.4 1 0
github.com/echovault/echovault/internal/aof/log/store.go:101.3,101.15 1 1
github.com/echovault/echovault/internal/aof/log/store.go:106.2,106.51 1 1
github.com/echovault/echovault/internal/aof/log/store.go:106.51,107.13 1 1
github.com/echovault/echovault/internal/aof/log/store.go:107.13,109.17 2 1
github.com/echovault/echovault/internal/aof/log/store.go:109.17,111.5 1 1
github.com/echovault/echovault/internal/aof/log/store.go:112.4,112.8 1 1
github.com/echovault/echovault/internal/aof/log/store.go:112.8,114.40 2 1
github.com/echovault/echovault/internal/aof/log/store.go:114.40,117.11 3 1
github.com/echovault/echovault/internal/aof/log/store.go:119.5,120.15 2 0
github.com/echovault/echovault/internal/aof/log/store.go:125.2,125.19 1 1
github.com/echovault/echovault/internal/aof/log/store.go:128.55,130.21 1 1
github.com/echovault/echovault/internal/aof/log/store.go:130.21,132.3 1 0
github.com/echovault/echovault/internal/aof/log/store.go:134.2,137.51 3 1
github.com/echovault/echovault/internal/aof/log/store.go:137.51,139.3 1 0
github.com/echovault/echovault/internal/aof/log/store.go:141.2,141.49 1 1
github.com/echovault/echovault/internal/aof/log/store.go:141.49,142.38 1 1
github.com/echovault/echovault/internal/aof/log/store.go:142.38,144.4 1 0
github.com/echovault/echovault/internal/aof/log/store.go:147.2,147.12 1 1
github.com/echovault/echovault/internal/aof/log/store.go:150.40,151.21 1 1
github.com/echovault/echovault/internal/aof/log/store.go:151.21,153.3 1 1
github.com/echovault/echovault/internal/aof/log/store.go:154.2,154.12 1 0
github.com/echovault/echovault/internal/aof/log/store.go:157.43,162.47 3 1
github.com/echovault/echovault/internal/aof/log/store.go:162.47,164.3 1 0
github.com/echovault/echovault/internal/aof/log/store.go:166.2,167.6 2 1
github.com/echovault/echovault/internal/aof/log/store.go:167.6,169.34 2 1
github.com/echovault/echovault/internal/aof/log/store.go:169.34,171.4 1 0
github.com/echovault/echovault/internal/aof/log/store.go:172.3,172.13 1 1
github.com/echovault/echovault/internal/aof/log/store.go:172.13,174.9 1 1
github.com/echovault/echovault/internal/aof/log/store.go:176.3,177.17 2 1
github.com/echovault/echovault/internal/aof/log/store.go:177.17,179.4 1 0
github.com/echovault/echovault/internal/aof/log/store.go:180.3,180.31 1 1
github.com/echovault/echovault/internal/aof/log/store.go:183.2,183.12 1 1
github.com/echovault/echovault/internal/aof/log/store.go:186.44,189.45 3 0
github.com/echovault/echovault/internal/aof/log/store.go:189.45,191.3 1 0
github.com/echovault/echovault/internal/aof/log/store.go:193.2,193.47 1 0
github.com/echovault/echovault/internal/aof/log/store.go:193.47,195.3 1 0
github.com/echovault/echovault/internal/aof/log/store.go:196.2,196.12 1 0
github.com/echovault/echovault/internal/aof/log/store.go:199.41,203.2 3 1
github.com/echovault/echovault/internal/clock/clock.go:14.23,16.43 1 1
github.com/echovault/echovault/internal/clock/clock.go:16.43,18.3 1 1
github.com/echovault/echovault/internal/clock/clock.go:19.2,19.20 1 0
github.com/echovault/echovault/internal/clock/clock.go:24.34,26.2 1 0
github.com/echovault/echovault/internal/clock/clock.go:28.58,30.2 1 0
github.com/echovault/echovault/internal/clock/clock.go:34.34,37.2 2 0
github.com/echovault/echovault/internal/clock/clock.go:39.58,41.2 1 0
github.com/echovault/echovault/internal/utils.go:41.38,45.16 2 0
github.com/echovault/echovault/internal/utils.go:45.16,47.3 1 0
github.com/echovault/echovault/internal/utils.go:49.2,49.15 1 0
github.com/echovault/echovault/internal/utils.go:49.15,52.3 2 0
github.com/echovault/echovault/internal/utils.go:54.2,56.10 2 0
github.com/echovault/echovault/internal/utils.go:59.43,63.16 3 1
github.com/echovault/echovault/internal/utils.go:63.16,65.3 1 0
github.com/echovault/echovault/internal/utils.go:67.2,68.42 2 1
github.com/echovault/echovault/internal/utils.go:68.42,70.3 1 1
github.com/echovault/echovault/internal/utils.go:72.2,72.17 1 1
github.com/echovault/echovault/internal/utils.go:75.47,82.6 4 0
github.com/echovault/echovault/internal/utils.go:82.6,84.43 2 0
github.com/echovault/echovault/internal/utils.go:84.43,85.9 1 0
github.com/echovault/echovault/internal/utils.go:87.3,87.17 1 0
github.com/echovault/echovault/internal/utils.go:87.17,89.4 1 0
github.com/echovault/echovault/internal/utils.go:90.3,91.21 2 0
github.com/echovault/echovault/internal/utils.go:91.21,92.9 1 0
github.com/echovault/echovault/internal/utils.go:94.3,94.15 1 0
github.com/echovault/echovault/internal/utils.go:97.2,97.37 1 0
github.com/echovault/echovault/internal/utils.go:100.120,102.20 2 0
github.com/echovault/echovault/internal/utils.go:102.20,104.3 1 0
github.com/echovault/echovault/internal/utils.go:105.2,105.16 1 0
github.com/echovault/echovault/internal/utils.go:105.16,107.3 1 0
github.com/echovault/echovault/internal/utils.go:108.2,108.24 1 0
github.com/echovault/echovault/internal/utils.go:108.24,110.3 1 0
github.com/echovault/echovault/internal/utils.go:111.2,111.21 1 0
github.com/echovault/echovault/internal/utils.go:111.21,113.3 1 0
github.com/echovault/echovault/internal/utils.go:114.2,114.16 1 0
github.com/echovault/echovault/internal/utils.go:117.37,119.16 2 0
github.com/echovault/echovault/internal/utils.go:119.16,121.3 1 0
github.com/echovault/echovault/internal/utils.go:122.2,122.15 1 0
github.com/echovault/echovault/internal/utils.go:122.15,123.37 1 0
github.com/echovault/echovault/internal/utils.go:123.37,125.4 1 0
github.com/echovault/echovault/internal/utils.go:128.2,130.23 2 0
github.com/echovault/echovault/internal/utils.go:133.72,134.65 1 0
github.com/echovault/echovault/internal/utils.go:134.65,137.3 1 0
github.com/echovault/echovault/internal/utils.go:138.2,138.18 1 0
github.com/echovault/echovault/internal/utils.go:138.18,141.3 1 0
github.com/echovault/echovault/internal/utils.go:142.2,142.49 1 0
github.com/echovault/echovault/internal/utils.go:142.49,143.52 1 0
github.com/echovault/echovault/internal/utils.go:143.52,145.4 1 0
github.com/echovault/echovault/internal/utils.go:147.2,147.71 1 0
github.com/echovault/echovault/internal/utils.go:150.66,152.2 1 0
github.com/echovault/echovault/internal/utils.go:154.24,155.11 1 0
github.com/echovault/echovault/internal/utils.go:155.11,157.3 1 0
github.com/echovault/echovault/internal/utils.go:158.2,158.10 1 0
github.com/echovault/echovault/internal/utils.go:162.49,166.16 3 0
github.com/echovault/echovault/internal/utils.go:166.16,168.3 1 0
github.com/echovault/echovault/internal/utils.go:170.2,171.17 2 0
github.com/echovault/echovault/internal/utils.go:172.12,173.19 1 0
github.com/echovault/echovault/internal/utils.go:174.12,175.26 1 0
github.com/echovault/echovault/internal/utils.go:176.12,177.33 1 0
github.com/echovault/echovault/internal/utils.go:178.12,179.40 1 0
github.com/echovault/echovault/internal/utils.go:180.12,181.47 1 0
github.com/echovault/echovault/internal/utils.go:182.10,183.91 1 0
github.com/echovault/echovault/internal/utils.go:186.2,186.30 1 0
github.com/echovault/echovault/internal/utils.go:190.49,191.20 1 0
github.com/echovault/echovault/internal/utils.go:191.20,193.3 1 0
github.com/echovault/echovault/internal/utils.go:195.2,199.36 3 0
github.com/echovault/echovault/internal/utils.go:199.36,201.3 1 0
github.com/echovault/echovault/internal/utils.go:206.2,210.40 3 0
github.com/echovault/echovault/internal/utils.go:214.84,216.26 2 0
github.com/echovault/echovault/internal/utils.go:216.26,218.34 1 0
github.com/echovault/echovault/internal/utils.go:218.34,219.12 1 0
github.com/echovault/echovault/internal/utils.go:222.3,222.29 1 0
github.com/echovault/echovault/internal/utils.go:222.29,224.4 1 0
github.com/echovault/echovault/internal/utils.go:226.2,226.35 1 0
github.com/echovault/echovault/internal/utils.go:226.35,228.3 1 0
github.com/echovault/echovault/internal/utils.go:229.2,229.14 1 0
github.com/echovault/echovault/internal/utils.go:234.43,235.14 1 0
github.com/echovault/echovault/internal/utils.go:235.14,237.3 1 0
github.com/echovault/echovault/internal/utils.go:238.2,238.30 1 0
github.com/echovault/echovault/internal/utils.go:238.30,240.3 1 0
github.com/echovault/echovault/internal/utils.go:241.2,241.30 1 0
github.com/echovault/echovault/internal/utils.go:241.30,243.3 1 0
github.com/echovault/echovault/internal/utils.go:245.2,246.21 2 0
github.com/echovault/echovault/internal/utils.go:246.21,248.3 1 0
github.com/echovault/echovault/internal/utils.go:250.2,251.29 2 0
github.com/echovault/echovault/internal/utils.go:251.29,253.13 2 0
github.com/echovault/echovault/internal/utils.go:253.13,254.9 1 0
github.com/echovault/echovault/internal/utils.go:258.2,258.10 1 0
github.com/echovault/echovault/internal/utils.go:261.41,263.28 2 0
github.com/echovault/echovault/internal/utils.go:263.28,265.3 1 0
github.com/echovault/echovault/internal/utils.go:266.2,266.20 1 0
github.com/echovault/echovault/internal/utils.go:269.47,272.16 3 0
github.com/echovault/echovault/internal/utils.go:272.16,274.3 1 0
github.com/echovault/echovault/internal/utils.go:275.2,275.24 1 0
github.com/echovault/echovault/internal/utils.go:278.52,281.16 3 0
github.com/echovault/echovault/internal/utils.go:281.16,283.3 1 0
github.com/echovault/echovault/internal/utils.go:284.2,284.24 1 0
github.com/echovault/echovault/internal/utils.go:287.50,290.16 3 0
github.com/echovault/echovault/internal/utils.go:290.16,292.3 1 0
github.com/echovault/echovault/internal/utils.go:293.2,293.25 1 0
github.com/echovault/echovault/internal/utils.go:296.52,299.16 3 0
github.com/echovault/echovault/internal/utils.go:299.16,301.3 1 0
github.com/echovault/echovault/internal/utils.go:302.2,302.23 1 0
github.com/echovault/echovault/internal/utils.go:305.51,308.16 3 0
github.com/echovault/echovault/internal/utils.go:308.16,310.3 1 0
github.com/echovault/echovault/internal/utils.go:311.2,311.22 1 0
github.com/echovault/echovault/internal/utils.go:314.59,317.16 3 0
github.com/echovault/echovault/internal/utils.go:317.16,319.3 1 0
github.com/echovault/echovault/internal/utils.go:320.2,320.16 1 0
github.com/echovault/echovault/internal/utils.go:320.16,322.3 1 0
github.com/echovault/echovault/internal/utils.go:323.2,324.30 2 0
github.com/echovault/echovault/internal/utils.go:324.30,325.17 1 0
github.com/echovault/echovault/internal/utils.go:325.17,327.12 2 0
github.com/echovault/echovault/internal/utils.go:329.3,329.22 1 0
github.com/echovault/echovault/internal/utils.go:331.2,331.17 1 0
github.com/echovault/echovault/internal/utils.go:334.67,337.16 3 0
github.com/echovault/echovault/internal/utils.go:337.16,339.3 1 0
github.com/echovault/echovault/internal/utils.go:340.2,340.16 1 0
github.com/echovault/echovault/internal/utils.go:340.16,342.3 1 0
github.com/echovault/echovault/internal/utils.go:343.2,344.31 2 0
github.com/echovault/echovault/internal/utils.go:344.31,345.18 1 0
github.com/echovault/echovault/internal/utils.go:345.18,347.12 2 0
github.com/echovault/echovault/internal/utils.go:349.3,350.33 2 0
github.com/echovault/echovault/internal/utils.go:350.33,352.4 1 0
github.com/echovault/echovault/internal/utils.go:353.3,353.17 1 0
github.com/echovault/echovault/internal/utils.go:355.2,355.17 1 0
github.com/echovault/echovault/internal/utils.go:358.57,361.16 3 0
github.com/echovault/echovault/internal/utils.go:361.16,363.3 1 0
github.com/echovault/echovault/internal/utils.go:364.2,364.16 1 0
github.com/echovault/echovault/internal/utils.go:364.16,366.3 1 0
github.com/echovault/echovault/internal/utils.go:367.2,368.30 2 0
github.com/echovault/echovault/internal/utils.go:368.30,369.17 1 0
github.com/echovault/echovault/internal/utils.go:369.17,371.12 2 0
github.com/echovault/echovault/internal/utils.go:373.3,373.23 1 0
github.com/echovault/echovault/internal/utils.go:375.2,375.17 1 0
github.com/echovault/echovault/internal/utils.go:378.58,381.16 3 0
github.com/echovault/echovault/internal/utils.go:381.16,383.3 1 0
github.com/echovault/echovault/internal/utils.go:384.2,384.16 1 0
github.com/echovault/echovault/internal/utils.go:384.16,386.3 1 0
github.com/echovault/echovault/internal/utils.go:387.2,388.30 2 0
github.com/echovault/echovault/internal/utils.go:388.30,389.17 1 0
github.com/echovault/echovault/internal/utils.go:389.17,391.12 2 0
github.com/echovault/echovault/internal/utils.go:393.3,393.20 1 0
github.com/echovault/echovault/internal/utils.go:395.2,395.17 1 0
github.com/echovault/echovault/internal/utils.go:398.70,399.32 1 0
github.com/echovault/echovault/internal/utils.go:399.32,400.60 1 0
github.com/echovault/echovault/internal/utils.go:400.60,402.4 1 0
github.com/echovault/echovault/internal/utils.go:402.6,404.4 1 0
github.com/echovault/echovault/internal/utils.go:406.2,406.30 1 0
github.com/echovault/echovault/internal/utils.go:406.30,407.62 1 0
github.com/echovault/echovault/internal/utils.go:407.62,409.4 1 0
github.com/echovault/echovault/internal/utils.go:409.6,411.4 1 0
github.com/echovault/echovault/internal/utils.go:413.2,413.13 1 0
github.com/echovault/echovault/internal/utils.go:416.33,418.16 2 0
github.com/echovault/echovault/internal/utils.go:418.16,420.3 1 0
github.com/echovault/echovault/internal/utils.go:422.2,423.16 2 0
github.com/echovault/echovault/internal/utils.go:423.16,425.3 1 0
github.com/echovault/echovault/internal/utils.go:426.2,426.15 1 0
github.com/echovault/echovault/internal/utils.go:426.15,428.3 1 0
github.com/echovault/echovault/internal/utils.go:430.2,430.42 1 0
github.com/echovault/echovault/internal/utils.go:433.61,438.12 4 0
github.com/echovault/echovault/internal/utils.go:438.12,439.7 1 0
github.com/echovault/echovault/internal/utils.go:439.7,441.73 2 0
github.com/echovault/echovault/internal/utils.go:441.73,443.13 1 0
github.com/echovault/echovault/internal/utils.go:445.4,445.9 1 0
github.com/echovault/echovault/internal/utils.go:447.3,447.21 1 0
github.com/echovault/echovault/internal/utils.go:450.2,451.15 2 0
github.com/echovault/echovault/internal/utils.go:451.15,453.3 1 0
github.com/echovault/echovault/internal/utils.go:455.2,455.9 1 0
github.com/echovault/echovault/internal/utils.go:456.18,457.47 1 0
github.com/echovault/echovault/internal/utils.go:458.14,459.19 1 0
github.com/echovault/echovault/internal/utils.go:463.84,468.12 4 0
github.com/echovault/echovault/internal/utils.go:468.12,469.7 1 0
github.com/echovault/echovault/internal/utils.go:469.7,471.73 2 0
github.com/echovault/echovault/internal/utils.go:471.73,473.13 1 0
github.com/echovault/echovault/internal/utils.go:475.4,475.9 1 0
github.com/echovault/echovault/internal/utils.go:477.3,477.21 1 0
github.com/echovault/echovault/internal/utils.go:480.2,481.15 2 0
github.com/echovault/echovault/internal/utils.go:481.15,483.3 1 0
github.com/echovault/echovault/internal/utils.go:485.2,485.9 1 0
github.com/echovault/echovault/internal/utils.go:486.18,487.47 1 0
github.com/echovault/echovault/internal/utils.go:488.14,489.19 1 0
github.com/echovault/echovault/internal/aof/engine.go:50.56,51.30 1 1
github.com/echovault/echovault/internal/aof/engine.go:51.30,53.3 1 1
github.com/echovault/echovault/internal/aof/engine.go:56.57,57.30 1 1
github.com/echovault/echovault/internal/aof/engine.go:57.30,59.3 1 1
github.com/echovault/echovault/internal/aof/engine.go:62.59,63.30 1 1
github.com/echovault/echovault/internal/aof/engine.go:63.30,65.3 1 1
github.com/echovault/echovault/internal/aof/engine.go:68.58,69.30 1 1
github.com/echovault/echovault/internal/aof/engine.go:69.30,71.3 1 1
github.com/echovault/echovault/internal/aof/engine.go:74.59,75.30 1 1
github.com/echovault/echovault/internal/aof/engine.go:75.30,77.3 1 1
github.com/echovault/echovault/internal/aof/engine.go:80.82,81.30 1 1
github.com/echovault/echovault/internal/aof/engine.go:81.30,83.3 1 1
github.com/echovault/echovault/internal/aof/engine.go:86.89,87.30 1 1
github.com/echovault/echovault/internal/aof/engine.go:87.30,89.3 1 1
github.com/echovault/echovault/internal/aof/engine.go:92.73,93.30 1 1
github.com/echovault/echovault/internal/aof/engine.go:93.30,95.3 1 1
github.com/echovault/echovault/internal/aof/engine.go:98.82,99.30 1 1
github.com/echovault/echovault/internal/aof/engine.go:99.30,101.3 1 1
github.com/echovault/echovault/internal/aof/engine.go:104.78,105.30 1 1
github.com/echovault/echovault/internal/aof/engine.go:105.30,107.3 1 1
github.com/echovault/echovault/internal/aof/engine.go:110.69,118.29 1 1
github.com/echovault/echovault/internal/aof/engine.go:118.30,118.31 0 0
github.com/echovault/echovault/internal/aof/engine.go:119.30,119.31 0 0
github.com/echovault/echovault/internal/aof/engine.go:120.57,120.71 1 0
github.com/echovault/echovault/internal/aof/engine.go:121.63,121.64 0 0
github.com/echovault/echovault/internal/aof/engine.go:122.44,122.45 0 0
github.com/echovault/echovault/internal/aof/engine.go:127.2,127.33 1 1
github.com/echovault/echovault/internal/aof/engine.go:127.33,129.3 1 1
github.com/echovault/echovault/internal/aof/engine.go:132.2,139.16 2 1
github.com/echovault/echovault/internal/aof/engine.go:139.16,141.3 1 0
github.com/echovault/echovault/internal/aof/engine.go:142.2,152.16 3 1
github.com/echovault/echovault/internal/aof/engine.go:152.16,154.3 1 0
github.com/echovault/echovault/internal/aof/engine.go:155.2,159.12 2 1
github.com/echovault/echovault/internal/aof/engine.go:159.12,160.7 1 1
github.com/echovault/echovault/internal/aof/engine.go:160.7,162.54 2 1
github.com/echovault/echovault/internal/aof/engine.go:162.54,164.5 1 0
github.com/echovault/echovault/internal/aof/engine.go:168.2,168.20 1 1
github.com/echovault/echovault/internal/aof/engine.go:171.52,173.2 1 1
github.com/echovault/echovault/internal/aof/engine.go:175.42,183.62 5 1
github.com/echovault/echovault/internal/aof/engine.go:183.62,185.3 1 0
github.com/echovault/echovault/internal/aof/engine.go:188.2,188.54 1 1
github.com/echovault/echovault/internal/aof/engine.go:188.54,190.3 1 0
github.com/echovault/echovault/internal/aof/engine.go:192.2,192.12 1 1
github.com/echovault/echovault/internal/aof/engine.go:195.39,196.55 1 1
github.com/echovault/echovault/internal/aof/engine.go:196.55,198.3 1 0
github.com/echovault/echovault/internal/aof/engine.go:199.2,199.53 1 1
github.com/echovault/echovault/internal/aof/engine.go:199.53,201.3 1 0
github.com/echovault/echovault/internal/aof/engine.go:202.2,202.12 1 1
github.com/echovault/echovault/internal/clock/clock.go:14.23,16.43 1 1
github.com/echovault/echovault/internal/clock/clock.go:16.43,18.3 1 1
github.com/echovault/echovault/internal/clock/clock.go:19.2,19.20 1 0
github.com/echovault/echovault/internal/clock/clock.go:24.34,26.2 1 0
github.com/echovault/echovault/internal/clock/clock.go:28.58,30.2 1 0
github.com/echovault/echovault/internal/clock/clock.go:34.34,37.2 2 1
github.com/echovault/echovault/internal/clock/clock.go:39.58,41.2 1 0
github.com/echovault/echovault/internal/utils.go:41.38,45.16 2 0
github.com/echovault/echovault/internal/utils.go:45.16,47.3 1 0
github.com/echovault/echovault/internal/utils.go:49.2,49.15 1 0
github.com/echovault/echovault/internal/utils.go:49.15,52.3 2 0
github.com/echovault/echovault/internal/utils.go:54.2,56.10 2 0
github.com/echovault/echovault/internal/utils.go:59.43,63.16 3 0
github.com/echovault/echovault/internal/utils.go:63.16,65.3 1 0
github.com/echovault/echovault/internal/utils.go:67.2,68.42 2 0
github.com/echovault/echovault/internal/utils.go:68.42,70.3 1 0
github.com/echovault/echovault/internal/utils.go:72.2,72.17 1 0
github.com/echovault/echovault/internal/utils.go:75.47,82.6 4 0
github.com/echovault/echovault/internal/utils.go:82.6,84.43 2 0
github.com/echovault/echovault/internal/utils.go:84.43,85.9 1 0
github.com/echovault/echovault/internal/utils.go:87.3,87.17 1 0
github.com/echovault/echovault/internal/utils.go:87.17,89.4 1 0
github.com/echovault/echovault/internal/utils.go:90.3,91.21 2 0
github.com/echovault/echovault/internal/utils.go:91.21,92.9 1 0
github.com/echovault/echovault/internal/utils.go:94.3,94.15 1 0
github.com/echovault/echovault/internal/utils.go:97.2,97.37 1 0
github.com/echovault/echovault/internal/utils.go:100.120,102.20 2 0
github.com/echovault/echovault/internal/utils.go:102.20,104.3 1 0
github.com/echovault/echovault/internal/utils.go:105.2,105.16 1 0
github.com/echovault/echovault/internal/utils.go:105.16,107.3 1 0
github.com/echovault/echovault/internal/utils.go:108.2,108.24 1 0
github.com/echovault/echovault/internal/utils.go:108.24,110.3 1 0
github.com/echovault/echovault/internal/utils.go:111.2,111.21 1 0
github.com/echovault/echovault/internal/utils.go:111.21,113.3 1 0
github.com/echovault/echovault/internal/utils.go:114.2,114.16 1 0
github.com/echovault/echovault/internal/utils.go:117.37,119.16 2 0
github.com/echovault/echovault/internal/utils.go:119.16,121.3 1 0
github.com/echovault/echovault/internal/utils.go:122.2,122.15 1 0
github.com/echovault/echovault/internal/utils.go:122.15,123.37 1 0
github.com/echovault/echovault/internal/utils.go:123.37,125.4 1 0
github.com/echovault/echovault/internal/utils.go:128.2,130.23 2 0
github.com/echovault/echovault/internal/utils.go:133.72,134.65 1 0
github.com/echovault/echovault/internal/utils.go:134.65,137.3 1 0
github.com/echovault/echovault/internal/utils.go:138.2,138.18 1 0
github.com/echovault/echovault/internal/utils.go:138.18,141.3 1 0
github.com/echovault/echovault/internal/utils.go:142.2,142.49 1 0
github.com/echovault/echovault/internal/utils.go:142.49,143.52 1 0
github.com/echovault/echovault/internal/utils.go:143.52,145.4 1 0
github.com/echovault/echovault/internal/utils.go:147.2,147.71 1 0
github.com/echovault/echovault/internal/utils.go:150.66,152.2 1 0
github.com/echovault/echovault/internal/utils.go:154.24,155.11 1 0
github.com/echovault/echovault/internal/utils.go:155.11,157.3 1 0
github.com/echovault/echovault/internal/utils.go:158.2,158.10 1 0
github.com/echovault/echovault/internal/utils.go:162.49,166.16 3 0
github.com/echovault/echovault/internal/utils.go:166.16,168.3 1 0
github.com/echovault/echovault/internal/utils.go:170.2,171.17 2 0
github.com/echovault/echovault/internal/utils.go:172.12,173.19 1 0
github.com/echovault/echovault/internal/utils.go:174.12,175.26 1 0
github.com/echovault/echovault/internal/utils.go:176.12,177.33 1 0
github.com/echovault/echovault/internal/utils.go:178.12,179.40 1 0
github.com/echovault/echovault/internal/utils.go:180.12,181.47 1 0
github.com/echovault/echovault/internal/utils.go:182.10,183.91 1 0
github.com/echovault/echovault/internal/utils.go:186.2,186.30 1 0
github.com/echovault/echovault/internal/utils.go:190.49,191.20 1 0
github.com/echovault/echovault/internal/utils.go:191.20,193.3 1 0
github.com/echovault/echovault/internal/utils.go:195.2,199.36 3 0
github.com/echovault/echovault/internal/utils.go:199.36,201.3 1 0
github.com/echovault/echovault/internal/utils.go:206.2,210.40 3 0
github.com/echovault/echovault/internal/utils.go:214.84,216.26 2 0
github.com/echovault/echovault/internal/utils.go:216.26,218.34 1 0
github.com/echovault/echovault/internal/utils.go:218.34,219.12 1 0
github.com/echovault/echovault/internal/utils.go:222.3,222.29 1 0
github.com/echovault/echovault/internal/utils.go:222.29,224.4 1 0
github.com/echovault/echovault/internal/utils.go:226.2,226.35 1 0
github.com/echovault/echovault/internal/utils.go:226.35,228.3 1 0
github.com/echovault/echovault/internal/utils.go:229.2,229.14 1 0
github.com/echovault/echovault/internal/utils.go:234.43,235.14 1 0
github.com/echovault/echovault/internal/utils.go:235.14,237.3 1 0
github.com/echovault/echovault/internal/utils.go:238.2,238.30 1 0
github.com/echovault/echovault/internal/utils.go:238.30,240.3 1 0
github.com/echovault/echovault/internal/utils.go:241.2,241.30 1 0
github.com/echovault/echovault/internal/utils.go:241.30,243.3 1 0
github.com/echovault/echovault/internal/utils.go:245.2,246.21 2 0
github.com/echovault/echovault/internal/utils.go:246.21,248.3 1 0
github.com/echovault/echovault/internal/utils.go:250.2,251.29 2 0
github.com/echovault/echovault/internal/utils.go:251.29,253.13 2 0
github.com/echovault/echovault/internal/utils.go:253.13,254.9 1 0
github.com/echovault/echovault/internal/utils.go:258.2,258.10 1 0
github.com/echovault/echovault/internal/utils.go:261.41,263.28 2 0
github.com/echovault/echovault/internal/utils.go:263.28,265.3 1 0
github.com/echovault/echovault/internal/utils.go:266.2,266.20 1 0
github.com/echovault/echovault/internal/utils.go:269.47,272.16 3 0
github.com/echovault/echovault/internal/utils.go:272.16,274.3 1 0
github.com/echovault/echovault/internal/utils.go:275.2,275.24 1 0
github.com/echovault/echovault/internal/utils.go:278.52,281.16 3 0
github.com/echovault/echovault/internal/utils.go:281.16,283.3 1 0
github.com/echovault/echovault/internal/utils.go:284.2,284.24 1 0
github.com/echovault/echovault/internal/utils.go:287.50,290.16 3 0
github.com/echovault/echovault/internal/utils.go:290.16,292.3 1 0
github.com/echovault/echovault/internal/utils.go:293.2,293.25 1 0
github.com/echovault/echovault/internal/utils.go:296.52,299.16 3 0
github.com/echovault/echovault/internal/utils.go:299.16,301.3 1 0
github.com/echovault/echovault/internal/utils.go:302.2,302.23 1 0
github.com/echovault/echovault/internal/utils.go:305.51,308.16 3 0
github.com/echovault/echovault/internal/utils.go:308.16,310.3 1 0
github.com/echovault/echovault/internal/utils.go:311.2,311.22 1 0
github.com/echovault/echovault/internal/utils.go:314.59,317.16 3 0
github.com/echovault/echovault/internal/utils.go:317.16,319.3 1 0
github.com/echovault/echovault/internal/utils.go:320.2,320.16 1 0
github.com/echovault/echovault/internal/utils.go:320.16,322.3 1 0
github.com/echovault/echovault/internal/utils.go:323.2,324.30 2 0
github.com/echovault/echovault/internal/utils.go:324.30,325.17 1 0
github.com/echovault/echovault/internal/utils.go:325.17,327.12 2 0
github.com/echovault/echovault/internal/utils.go:329.3,329.22 1 0
github.com/echovault/echovault/internal/utils.go:331.2,331.17 1 0
github.com/echovault/echovault/internal/utils.go:334.67,337.16 3 0
github.com/echovault/echovault/internal/utils.go:337.16,339.3 1 0
github.com/echovault/echovault/internal/utils.go:340.2,340.16 1 0
github.com/echovault/echovault/internal/utils.go:340.16,342.3 1 0
github.com/echovault/echovault/internal/utils.go:343.2,344.31 2 0
github.com/echovault/echovault/internal/utils.go:344.31,345.18 1 0
github.com/echovault/echovault/internal/utils.go:345.18,347.12 2 0
github.com/echovault/echovault/internal/utils.go:349.3,350.33 2 0
github.com/echovault/echovault/internal/utils.go:350.33,352.4 1 0
github.com/echovault/echovault/internal/utils.go:353.3,353.17 1 0
github.com/echovault/echovault/internal/utils.go:355.2,355.17 1 0
github.com/echovault/echovault/internal/utils.go:358.57,361.16 3 0
github.com/echovault/echovault/internal/utils.go:361.16,363.3 1 0
github.com/echovault/echovault/internal/utils.go:364.2,364.16 1 0
github.com/echovault/echovault/internal/utils.go:364.16,366.3 1 0
github.com/echovault/echovault/internal/utils.go:367.2,368.30 2 0
github.com/echovault/echovault/internal/utils.go:368.30,369.17 1 0
github.com/echovault/echovault/internal/utils.go:369.17,371.12 2 0
github.com/echovault/echovault/internal/utils.go:373.3,373.23 1 0
github.com/echovault/echovault/internal/utils.go:375.2,375.17 1 0
github.com/echovault/echovault/internal/utils.go:378.58,381.16 3 0
github.com/echovault/echovault/internal/utils.go:381.16,383.3 1 0
github.com/echovault/echovault/internal/utils.go:384.2,384.16 1 0
github.com/echovault/echovault/internal/utils.go:384.16,386.3 1 0
github.com/echovault/echovault/internal/utils.go:387.2,388.30 2 0
github.com/echovault/echovault/internal/utils.go:388.30,389.17 1 0
github.com/echovault/echovault/internal/utils.go:389.17,391.12 2 0
github.com/echovault/echovault/internal/utils.go:393.3,393.20 1 0
github.com/echovault/echovault/internal/utils.go:395.2,395.17 1 0
github.com/echovault/echovault/internal/utils.go:398.70,399.32 1 0
github.com/echovault/echovault/internal/utils.go:399.32,400.60 1 0
github.com/echovault/echovault/internal/utils.go:400.60,402.4 1 0
github.com/echovault/echovault/internal/utils.go:402.6,404.4 1 0
github.com/echovault/echovault/internal/utils.go:406.2,406.30 1 0
github.com/echovault/echovault/internal/utils.go:406.30,407.62 1 0
github.com/echovault/echovault/internal/utils.go:407.62,409.4 1 0
github.com/echovault/echovault/internal/utils.go:409.6,411.4 1 0
github.com/echovault/echovault/internal/utils.go:413.2,413.13 1 0
github.com/echovault/echovault/internal/utils.go:416.33,418.16 2 0
github.com/echovault/echovault/internal/utils.go:418.16,420.3 1 0
github.com/echovault/echovault/internal/utils.go:422.2,423.16 2 0
github.com/echovault/echovault/internal/utils.go:423.16,425.3 1 0
github.com/echovault/echovault/internal/utils.go:426.2,426.15 1 0
github.com/echovault/echovault/internal/utils.go:426.15,428.3 1 0
github.com/echovault/echovault/internal/utils.go:430.2,430.42 1 0
github.com/echovault/echovault/internal/utils.go:433.61,438.12 4 0
github.com/echovault/echovault/internal/utils.go:438.12,439.7 1 0
github.com/echovault/echovault/internal/utils.go:439.7,441.73 2 0
github.com/echovault/echovault/internal/utils.go:441.73,443.13 1 0
github.com/echovault/echovault/internal/utils.go:445.4,445.9 1 0
github.com/echovault/echovault/internal/utils.go:447.3,447.21 1 0
github.com/echovault/echovault/internal/utils.go:450.2,451.15 2 0
github.com/echovault/echovault/internal/utils.go:451.15,453.3 1 0
github.com/echovault/echovault/internal/utils.go:455.2,455.9 1 0
github.com/echovault/echovault/internal/utils.go:456.18,457.47 1 0
github.com/echovault/echovault/internal/utils.go:458.14,459.19 1 0
github.com/echovault/echovault/internal/utils.go:463.84,468.12 4 0
github.com/echovault/echovault/internal/utils.go:468.12,469.7 1 0
github.com/echovault/echovault/internal/utils.go:469.7,471.73 2 0
github.com/echovault/echovault/internal/utils.go:471.73,473.13 1 0
github.com/echovault/echovault/internal/utils.go:475.4,475.9 1 0
github.com/echovault/echovault/internal/utils.go:477.3,477.21 1 0
github.com/echovault/echovault/internal/utils.go:480.2,481.15 2 0
github.com/echovault/echovault/internal/utils.go:481.15,483.3 1 0
github.com/echovault/echovault/internal/utils.go:485.2,485.9 1 0
github.com/echovault/echovault/internal/utils.go:486.18,487.47 1 0
github.com/echovault/echovault/internal/utils.go:488.14,489.19 1 0
github.com/echovault/echovault/internal/aof/preamble/store.go:45.62,46.36 1 1
github.com/echovault/echovault/internal/aof/preamble/store.go:46.36,48.3 1 1
github.com/echovault/echovault/internal/aof/preamble/store.go:51.71,52.36 1 0
github.com/echovault/echovault/internal/aof/preamble/store.go:52.36,54.3 1 0
github.com/echovault/echovault/internal/aof/preamble/store.go:57.88,58.36 1 1
github.com/echovault/echovault/internal/aof/preamble/store.go:58.36,60.3 1 1
github.com/echovault/echovault/internal/aof/preamble/store.go:63.95,64.36 1 1
github.com/echovault/echovault/internal/aof/preamble/store.go:64.36,66.3 1 1
github.com/echovault/echovault/internal/aof/preamble/store.go:69.65,70.36 1 1
github.com/echovault/echovault/internal/aof/preamble/store.go:70.36,72.3 1 1
github.com/echovault/echovault/internal/aof/preamble/store.go:75.86,81.52 1 1
github.com/echovault/echovault/internal/aof/preamble/store.go:81.52,84.4 1 0
github.com/echovault/echovault/internal/aof/preamble/store.go:85.60,85.61 0 0
github.com/echovault/echovault/internal/aof/preamble/store.go:88.2,88.33 1 1
github.com/echovault/echovault/internal/aof/preamble/store.go:88.33,90.3 1 1
github.com/echovault/echovault/internal/aof/preamble/store.go:93.2,93.46 1 1
github.com/echovault/echovault/internal/aof/preamble/store.go:93.46,95.17 2 1
github.com/echovault/echovault/internal/aof/preamble/store.go:95.17,97.4 1 0
github.com/echovault/echovault/internal/aof/preamble/store.go:98.3,99.17 2 1
github.com/echovault/echovault/internal/aof/preamble/store.go:99.17,101.4 1 0
github.com/echovault/echovault/internal/aof/preamble/store.go:102.3,102.15 1 1
github.com/echovault/echovault/internal/aof/preamble/store.go:105.2,105.19 1 1
github.com/echovault/echovault/internal/aof/preamble/store.go:108.52,115.16 5 1
github.com/echovault/echovault/internal/aof/preamble/store.go:115.16,117.3 1 0
github.com/echovault/echovault/internal/aof/preamble/store.go:120.2,120.44 1 1
github.com/echovault/echovault/internal/aof/preamble/store.go:120.44,122.3 1 0
github.com/echovault/echovault/internal/aof/preamble/store.go:124.2,124.46 1 1
github.com/echovault/echovault/internal/aof/preamble/store.go:124.46,126.3 1 0
github.com/echovault/echovault/internal/aof/preamble/store.go:128.2,128.44 1 1
github.com/echovault/echovault/internal/aof/preamble/store.go:128.44,130.3 1 0
github.com/echovault/echovault/internal/aof/preamble/store.go:133.2,133.39 1 1
github.com/echovault/echovault/internal/aof/preamble/store.go:133.39,135.3 1 0
github.com/echovault/echovault/internal/aof/preamble/store.go:137.2,137.12 1 1
github.com/echovault/echovault/internal/aof/preamble/store.go:140.45,141.21 1 1
github.com/echovault/echovault/internal/aof/preamble/store.go:141.21,143.3 1 0
github.com/echovault/echovault/internal/aof/preamble/store.go:146.2,146.47 1 1
github.com/echovault/echovault/internal/aof/preamble/store.go:146.47,148.3 1 0
github.com/echovault/echovault/internal/aof/preamble/store.go:150.2,151.16 2 1
github.com/echovault/echovault/internal/aof/preamble/store.go:151.16,153.3 1 0
github.com/echovault/echovault/internal/aof/preamble/store.go:155.2,155.17 1 1
github.com/echovault/echovault/internal/aof/preamble/store.go:155.17,157.3 1 0
github.com/echovault/echovault/internal/aof/preamble/store.go:159.2,161.49 2 1
github.com/echovault/echovault/internal/aof/preamble/store.go:161.49,163.3 1 0
github.com/echovault/echovault/internal/aof/preamble/store.go:165.2,165.56 1 1
github.com/echovault/echovault/internal/aof/preamble/store.go:165.56,167.3 1 1
github.com/echovault/echovault/internal/aof/preamble/store.go:169.2,169.12 1 1
github.com/echovault/echovault/internal/aof/preamble/store.go:172.43,176.2 3 0
github.com/echovault/echovault/internal/aof/preamble/store.go:179.110,181.26 2 1
github.com/echovault/echovault/internal/aof/preamble/store.go:181.26,182.36 1 1
github.com/echovault/echovault/internal/aof/preamble/store.go:182.36,183.12 1 0
github.com/echovault/echovault/internal/aof/preamble/store.go:185.3,185.43 1 1
github.com/echovault/echovault/internal/aof/preamble/store.go:185.43,187.4 1 1
github.com/echovault/echovault/internal/aof/preamble/store.go:189.2,189.35 1 1
github.com/echovault/echovault/internal/aof/preamble/store.go:189.35,191.3 1 1
github.com/echovault/echovault/internal/aof/preamble/store.go:192.2,192.14 1 1
github.com/echovault/echovault/internal/clock/clock.go:14.23,16.43 1 1
github.com/echovault/echovault/internal/clock/clock.go:16.43,18.3 1 1
github.com/echovault/echovault/internal/clock/clock.go:19.2,19.20 1 0
github.com/echovault/echovault/internal/clock/clock.go:24.34,26.2 1 0
github.com/echovault/echovault/internal/clock/clock.go:28.58,30.2 1 0
github.com/echovault/echovault/internal/clock/clock.go:34.34,37.2 2 1
github.com/echovault/echovault/internal/clock/clock.go:39.58,41.2 1 0
github.com/echovault/echovault/internal/eviction/lfu.go:35.29,42.2 3 1
github.com/echovault/echovault/internal/eviction/lfu.go:44.34,46.2 1 1
github.com/echovault/echovault/internal/eviction/lfu.go:48.44,50.54 1 1
github.com/echovault/echovault/internal/eviction/lfu.go:50.54,52.3 1 1
github.com/echovault/echovault/internal/eviction/lfu.go:54.2,54.56 1 1
github.com/echovault/echovault/internal/eviction/lfu.go:57.39,61.2 3 1
github.com/echovault/echovault/internal/eviction/lfu.go:63.38,72.2 3 1
github.com/echovault/echovault/internal/eviction/lfu.go:74.34,83.2 8 1
github.com/echovault/echovault/internal/eviction/lfu.go:85.43,87.26 1 1
github.com/echovault/echovault/internal/eviction/lfu.go:87.26,90.3 2 1
github.com/echovault/echovault/internal/eviction/lfu.go:92.2,92.69 1 1
github.com/echovault/echovault/internal/eviction/lfu.go:92.69,94.3 1 1
github.com/echovault/echovault/internal/eviction/lfu.go:95.2,97.27 3 1
github.com/echovault/echovault/internal/eviction/lfu.go:100.43,101.73 1 0
github.com/echovault/echovault/internal/eviction/lfu.go:101.73,103.3 1 0
github.com/echovault/echovault/internal/eviction/lfu.go:104.2,104.19 1 0
github.com/echovault/echovault/internal/eviction/lfu.go:104.19,106.3 1 0
github.com/echovault/echovault/internal/eviction/lfu.go:109.50,112.2 2 1
github.com/echovault/echovault/internal/eviction/lru.go:34.29,41.2 3 1
github.com/echovault/echovault/internal/eviction/lru.go:43.34,45.2 1 1
github.com/echovault/echovault/internal/eviction/lru.go:47.44,49.2 1 1
github.com/echovault/echovault/internal/eviction/lru.go:51.39,55.2 3 1
github.com/echovault/echovault/internal/eviction/lru.go:57.38,64.2 2 1
github.com/echovault/echovault/internal/eviction/lru.go:66.34,75.2 8 1
github.com/echovault/echovault/internal/eviction/lru.go:77.43,79.26 1 1
github.com/echovault/echovault/internal/eviction/lru.go:79.26,81.3 1 1
github.com/echovault/echovault/internal/eviction/lru.go:83.2,83.69 1 1
github.com/echovault/echovault/internal/eviction/lru.go:83.69,85.3 1 1
github.com/echovault/echovault/internal/eviction/lru.go:86.2,88.27 3 1
github.com/echovault/echovault/internal/eviction/lru.go:91.43,92.73 1 0
github.com/echovault/echovault/internal/eviction/lru.go:92.73,94.3 1 0
github.com/echovault/echovault/internal/eviction/lru.go:95.2,95.19 1 0
github.com/echovault/echovault/internal/eviction/lru.go:95.19,97.3 1 0
github.com/echovault/echovault/internal/eviction/lru.go:100.50,103.2 2 1
